# JRE version: Java(TM) SE Runtime Environment (8.0_91-b15) (build 1.8.0_91-b15)
# Java VM: Java HotSpot(TM) 64-Bit Server VM (25.91-b15 mixed mode windows-amd64 compressed oops)
Heap:
 PSYoungGen      total 140800K, used 58416K [0x00000000d6000000, 0x00000000e8200000, 0x0000000100000000)
  eden space 126976K, 46% used [0x00000000d6000000,0x00000000d990c1d0,0x00000000ddc00000)
  from space 13824K, 0% used [0x00000000ded80000,0x00000000ded80000,0x00000000dfb00000)
  to   space 17920K, 0% used [0x00000000ddc00000,0x00000000ddc00000,0x00000000ded80000)
 ParOldGen       total 79872K, used 28054K [0x0000000082000000, 0x0000000086e00000, 0x00000000d6000000)
  object space 79872K, 35% used [0x0000000082000000,0x0000000083b65b58,0x0000000086e00000)
 Metaspace       used 25029K, capacity 25506K, committed 25728K, reserved 1071104K
  class space    used 2932K, capacity 3113K, committed 3200K, reserved 1048576K
GC Heap History (10 events):
Event: 11.788 GC heap before
{Heap before GC invocations=5 (full 0):
 PSYoungGen      total 70656K, used 70632K [0x00000000d6000000, 0x00000000daa00000, 0x0000000100000000)
  eden space 65536K, 100% used [0x00000000d6000000,0x00000000da000000,0x00000000da000000)
  from space 5120K, 99% used [0x00000000da500000,0x00000000da9fa020,0x00000000daa00000)
  to   space 5120K, 0% used [0x00000000da000000,0x00000000da000000,0x00000000da500000)
 ParOldGen       total 86016K, used 9819K [0x0000000082000000, 0x0000000087400000, 0x00000000d6000000)
  object space 86016K, 11% used [0x0000000082000000,0x0000000082996cd0,0x0000000087400000)
 Metaspace       used 17847K, capacity 18190K, committed 18432K, reserved 1064960K
  class space    used 2129K, capacity 2279K, committed 2304K, reserved 1048576K
Event: 11.805 GC heap after
Heap after GC invocations=5 (full 0):
 PSYoungGen      total 70656K, used 5112K [0x00000000d6000000, 0x00000000dfb00000, 0x0000000100000000)
  eden space 65536K, 0% used [0x00000000d6000000,0x00000000d6000000,0x00000000da000000)
  from space 5120K, 99% used [0x00000000da000000,0x00000000da4fe030,0x00000000da500000)
  to   space 13824K, 0% used [0x00000000ded80000,0x00000000ded80000,0x00000000dfb00000)
 ParOldGen       total 86016K, used 16835K [0x0000000082000000, 0x0000000087400000, 0x00000000d6000000)
  object space 86016K, 19% used [0x0000000082000000,0x0000000083070c50,0x0000000087400000)
 Metaspace       used 17847K, capacity 18190K, committed 18432K, reserved 1064960K
  class space    used 2129K, capacity 2279K, committed 2304K, reserved 1048576K
}
Event: 34.502 GC heap before
{Heap before GC invocations=6 (full 0):
 PSYoungGen      total 70656K, used 70648K [0x00000000d6000000, 0x00000000dfb00000, 0x0000000100000000)
  eden space 65536K, 100% used [0x00000000d6000000,0x00000000da000000,0x00000000da000000)
  from space 5120K, 99% used [0x00000000da000000,0x00000000da4fe030,0x00000000da500000)
  to   space 13824K, 0% used [0x00000000ded80000,0x00000000ded80000,0x00000000dfb00000)
 ParOldGen       total 86016K, used 16835K [0x0000000082000000, 0x0000000087400000, 0x00000000d6000000)
  object space 86016K, 19% used [0x0000000082000000,0x0000000083070c50,0x0000000087400000)
 Metaspace       used 19277K, capacity 19678K, committed 19968K, reserved 1067008K
  class space    used 2302K, capacity 2447K, committed 2560K, reserved 1048576K
Event: 34.540 GC heap after
Heap after GC invocations=6 (full 0):
 PSYoungGen      total 144384K, used 10608K [0x00000000d6000000, 0x00000000dfc00000, 0x0000000100000000)
  eden space 130560K, 0% used [0x00000000d6000000,0x00000000d6000000,0x00000000ddf80000)
  from space 13824K, 76% used [0x00000000ded80000,0x00000000df7dc190,0x00000000dfb00000)
  to   space 14336K, 0% used [0x00000000ddf80000,0x00000000ddf80000,0x00000000ded80000)
 ParOldGen       total 86016K, used 16835K [0x0000000082000000, 0x0000000087400000, 0x00000000d6000000)
  object space 86016K, 19% used [0x0000000082000000,0x0000000083070c50,0x0000000087400000)
 Metaspace       used 19277K, capacity 19678K, committed 19968K, reserved 1067008K
  class space    used 2302K, capacity 2447K, committed 2560K, reserved 1048576K
}
Event: 41.435 GC heap before
{Heap before GC invocations=7 (full 0):
 PSYoungGen      total 144384K, used 141168K [0x00000000d6000000, 0x00000000dfc00000, 0x0000000100000000)
  eden space 130560K, 100% used [0x00000000d6000000,0x00000000ddf80000,0x00000000ddf80000)
  from space 13824K, 76% used [0x00000000ded80000,0x00000000df7dc190,0x00000000dfb00000)
  to   space 14336K, 0% used [0x00000000ddf80000,0x00000000ddf80000,0x00000000ded80000)
 ParOldGen       total 86016K, used 16835K [0x0000000082000000, 0x0000000087400000, 0x00000000d6000000)
  object space 86016K, 19% used [0x0000000082000000,0x0000000083070c50,0x0000000087400000)
 Metaspace       used 20190K, capacity 20610K, committed 20736K, reserved 1067008K
  class space    used 2349K, capacity 2521K, committed 2560K, reserved 1048576K
Event: 41.460 GC heap after
Heap after GC invocations=7 (full 0):
 PSYoungGen      total 144896K, used 14320K [0x00000000d6000000, 0x00000000dfc00000, 0x0000000100000000)
  eden space 130560K, 0% used [0x00000000d6000000,0x00000000d6000000,0x00000000ddf80000)
  from space 14336K, 99% used [0x00000000ddf80000,0x00000000ded7c010,0x00000000ded80000)
  to   space 13824K, 0% used [0x00000000ded80000,0x00000000ded80000,0x00000000dfb00000)
 ParOldGen       total 86016K, used 19311K [0x0000000082000000, 0x0000000087400000, 0x00000000d6000000)
  object space 86016K, 22% used [0x0000000082000000,0x00000000832dbee8,0x0000000087400000)
 Metaspace       used 20190K, capacity 20610K, committed 20736K, reserved 1067008K
  class space    used 2349K, capacity 2521K, committed 2560K, reserved 1048576K
}
Event: 43.303 GC heap before
{Heap before GC invocations=8 (full 0):
 PSYoungGen      total 144896K, used 29535K [0x00000000d6000000, 0x00000000dfc00000, 0x0000000100000000)
  eden space 130560K, 11% used [0x00000000d6000000,0x00000000d6edbf58,0x00000000ddf80000)
  from space 14336K, 99% used [0x00000000ddf80000,0x00000000ded7c010,0x00000000ded80000)
  to   space 13824K, 0% used [0x00000000ded80000,0x00000000ded80000,0x00000000dfb00000)
 ParOldGen       total 86016K, used 19311K [0x0000000082000000, 0x0000000087400000, 0x00000000d6000000)
  object space 86016K, 22% used [0x0000000082000000,0x00000000832dbee8,0x0000000087400000)
 Metaspace       used 20592K, capacity 21038K, committed 21296K, reserved 1069056K
  class space    used 2384K, capacity 2561K, committed 2688K, reserved 1048576K
Event: 43.331 GC heap after
Heap after GC invocations=8 (full 0):
 PSYoungGen      total 140800K, used 13280K [0x00000000d6000000, 0x00000000e8200000, 0x0000000100000000)
  eden space 126976K, 0% used [0x00000000d6000000,0x00000000d6000000,0x00000000ddc00000)
  from space 13824K, 96% used [0x00000000ded80000,0x00000000dfa78010,0x00000000dfb00000)
  to   space 17920K, 0% used [0x00000000ddc00000,0x00000000ddc00000,0x00000000ded80000)
 ParOldGen       total 86016K, used 21351K [0x0000000082000000, 0x0000000087400000, 0x00000000d6000000)
  object space 86016K, 24% used [0x0000000082000000,0x00000000834d9ef8,0x0000000087400000)
 Metaspace       used 20592K, capacity 21038K, committed 21296K, reserved 1069056K
  class space    used 2384K, capacity 2561K, committed 2688K, reserved 1048576K
}
Event: 43.331 GC heap before
{Heap before GC invocations=9 (full 1):
 PSYoungGen      total 140800K, used 13280K [0x00000000d6000000, 0x00000000e8200000, 0x0000000100000000)
  eden space 126976K, 0% used [0x00000000d6000000,0x00000000d6000000,0x00000000ddc00000)
  from space 13824K, 96% used [0x00000000ded80000,0x00000000dfa78010,0x00000000dfb00000)
  to   space 17920K, 0% used [0x00000000ddc00000,0x00000000ddc00000,0x00000000ded80000)
 ParOldGen       total 86016K, used 21351K [0x0000000082000000, 0x0000000087400000, 0x00000000d6000000)
  object space 86016K, 24% used [0x0000000082000000,0x00000000834d9ef8,0x0000000087400000)
 Metaspace       used 20592K, capacity 21038K, committed 21296K, reserved 1069056K
  class space    used 2384K, capacity 2561K, committed 2688K, reserved 1048576K
Event: 43.682 GC heap after
Heap after GC invocations=9 (full 1):
 PSYoungGen      total 140800K, used 0K [0x00000000d6000000, 0x00000000e8200000, 0x0000000100000000)
  eden space 126976K, 0% used [0x00000000d6000000,0x00000000d6000000,0x00000000ddc00000)
  from space 13824K, 0% used [0x00000000ded80000,0x00000000ded80000,0x00000000dfb00000)
  to   space 17920K, 0% used [0x00000000ddc00000,0x00000000ddc00000,0x00000000ded80000)
 ParOldGen       total 79872K, used 28054K [0x0000000082000000, 0x0000000086e00000, 0x00000000d6000000)
  object space 79872K, 35% used [0x0000000082000000,0x0000000083b65b58,0x0000000086e00000)
 Metaspace       used 20592K, capacity 21038K, committed 21296K, reserved 1069056K
  class space    used 2384K, capacity 2561K, committed 2688K, reserved 1048576K
}

